<?xml version="1.0" encoding="UTF-8"?>
<!-- Generated by org.testng.reporters.JUnitXMLReporter -->
<testsuite ignored="1" hostname="DESKTOP-UR1OLIF" failures="0" tests="8" name="GRP-smoke" time="0.112" errors="0" timestamp="2022-03-02T11:07:27 IST">
  <testcase classname="org.grouping.TestGroups" name="test1" time="0.011"/>
  <testcase classname="org.grouping.TestGroups" name="test2" time="0.001"/>
  <testcase classname="org.grouping.TestGroups" name="test3" time="0.005"/>
  <testcase classname="org.grouping.TestGroups" name="test5" time="0.003"/>
  <testcase classname="org.grouping.TestGroups" name="test6" time="0.001"/>
  <testcase classname="org.grouping.TestGroups" name="test7" time="0.001"/>
  <testcase classname="org.grouping.TestGroups" name="test8" time="0.001"/>
  <testcase classname="org.grouping.TestGroups" name="test9" time="0.009"/>
  <testcase classname="org.grouping.TestGroups" name="test4" time="0.0">
    <ignored/>
  </testcase> <!-- test4 -->
</testsuite> <!-- GRP-smoke -->
