<?xml version="1.0" encoding="UTF-8"?>
<!-- Generated by org.testng.reporters.JUnitXMLReporter -->
<testsuite ignored="2" hostname="DESKTOP-UR1OLIF" failures="0" tests="2" name="ExcludeTestCases" time="8.506" errors="0" timestamp="2022-02-07T13:02:31 IST">
  <testcase classname="org.ignoretestcases.ExcludeTestCases" name="launchGoogle" time="8.439"/>
  <testcase classname="org.ignoretestcases.ExcludeTestCases" name="test2" time="0.016"/>
  <testcase classname="org.ignoretestcases.ExcludeTestCases" name="test1" time="0.0">
    <ignored/>
  </testcase> <!-- test1 -->
  <testcase classname="org.ignoretestcases.ExcludeTestCases" name="verifygoogleTitle" time="0.0">
    <ignored/>
  </testcase> <!-- verifygoogleTitle -->
</testsuite> <!-- ExcludeTestCases -->
