<?xml version="1.0" encoding="UTF-8"?>
<!-- Generated by org.testng.reporters.JUnitXMLReporter -->
<testsuite ignored="1" hostname="DESKTOP-UR1OLIF" failures="0" tests="1" name="Demo Test" time="5.185" errors="0" timestamp="2022-02-21T19:32:03 IST">
  <testcase classname="org.Testngintro.TestFacebook" name="launchFacebook" time="5.098"/>
  <testcase classname="org.Testngintro.TestFacebook" name="verifyTitle" time="0.0">
    <ignored/>
  </testcase> <!-- verifyTitle -->
</testsuite> <!-- Demo Test -->
