<?xml version="1.0" encoding="UTF-8"?>
<!-- Generated by org.testng.reporters.JUnitXMLReporter -->
<testsuite ignored="1" hostname="DESKTOP-UR1OLIF" failures="0" tests="1" name="Demo Test1" time="8.696" errors="0" timestamp="2022-02-21T19:32:11 IST">
  <testcase classname="org.Testngintro.TestGoogle" name="verifygoogleTitle" time="8.675"/>
  <testcase classname="org.Testngintro.TestGoogle" name="launchGoogle" time="0.0">
    <ignored/>
  </testcase> <!-- launchGoogle -->
</testsuite> <!-- Demo Test1 -->
