<?xml version="1.0" encoding="UTF-8"?>
<!-- Generated by org.testng.reporters.JUnitXMLReporter -->
<testsuite ignored="1" hostname="DESKTOP-UR1OLIF" failures="0" tests="8" name="Test2" time="0.096" errors="0" timestamp="2022-02-23T14:59:46 IST">
  <testcase classname="org.grouping.TestGroups" name="test1" time="0.01"/>
  <testcase classname="org.grouping.TestGroups" name="test2" time="0.005"/>
  <testcase classname="org.grouping.TestGroups" name="test3" time="0.001"/>
  <testcase classname="org.grouping.TestGroups" name="test5" time="0.001"/>
  <testcase classname="org.grouping.TestGroups" name="test6" time="0.001"/>
  <testcase classname="org.grouping.TestGroups" name="test7" time="0.002"/>
  <testcase classname="org.grouping.TestGroups" name="test8" time="0.006"/>
  <testcase classname="org.grouping.TestGroups" name="test9" time="0.001"/>
  <testcase classname="org.grouping.TestGroups" name="test4" time="0.0">
    <ignored/>
  </testcase> <!-- test4 -->
</testsuite> <!-- Test2 -->
