<?xml version="1.0" encoding="UTF-8"?>
<!-- Generated by org.testng.reporters.JUnitXMLReporter -->
<testsuite hostname="DESKTOP-UR1OLIF" ignored="0" name="Command line test" tests="17" failures="0" timestamp="2022-03-01T14:17:19 IST" time="30.206" errors="0">
  <testcase name="test1" time="0.0" classname="org.annotations.AnnotationsTest"/>
  <testcase name="test1" time="0.001" classname="org.grouping.TestGroups"/>
  <testcase name="test2" time="0.0" classname="org.grouping.TestGroups"/>
  <testcase name="test3" time="0.0" classname="org.grouping.TestGroups"/>
  <testcase name="test4" time="0.001" classname="org.grouping.TestGroups"/>
  <testcase name="test5" time="0.001" classname="org.grouping.TestGroups"/>
  <testcase name="test6" time="0.0" classname="org.grouping.TestGroups"/>
  <testcase name="test7" time="0.0" classname="org.grouping.TestGroups"/>
  <testcase name="test8" time="0.0" classname="org.grouping.TestGroups"/>
  <testcase name="test9" time="0.001" classname="org.grouping.TestGroups"/>
  <testcase name="launchFacebook" time="4.09" classname="org.Testngintro.TestFacebook"/>
  <testcase name="verifyTitle" time="2.72" classname="org.Testngintro.TestFacebook"/>
  <testcase name="launchGoogle" time="3.457" classname="org.Testngintro.TestGoogle"/>
  <testcase name="verifygoogleTitle" time="9.209" classname="org.Testngintro.TestGoogle"/>
  <testcase name="testFacbook" time="7.245" classname="org.Testngintro.TestIntro"/>
  <testcase name="testGoogle" time="3.436" classname="org.Testngintro.TestIntro"/>
  <testcase name="test" time="0.001" classname="org.Testngintro.TestngDemo"/>
</testsuite> <!-- Command line test -->
