<?xml version="1.0" encoding="UTF-8"?>
<!-- Generated by org.testng.reporters.JUnitXMLReporter -->
<testsuite hostname="DESKTOP-UR1OLIF" ignored="0" name="Test" tests="5" failures="0" timestamp="2022-10-12T14:32:20 IST" time="0.179" errors="0">
  <testcase name="test1" time="0.02" classname="org.parellel.ParellelExp1"/>
  <testcase name="test" time="0.022" classname="org.parellel.ParellelExp1"/>
  <testcase name="test4" time="0.021" classname="org.parellel.Prallelexp2"/>
  <testcase name="test2" time="0.001" classname="org.parellel.ParellelExp1"/>
  <testcase name="test3" time="0.027" classname="org.parellel.Prallelexp2"/>
</testsuite> <!-- Test -->
