<?xml version="1.0" encoding="UTF-8"?>
<testng-results skipped="0" failed="0" ignored="0" total="5" passed="5">
  <reporter-output>
  </reporter-output>
  <suite name="Suite" duration-ms="179" started-at="2022-10-12T14:32:20 IST" finished-at="2022-10-12T14:32:20 IST">
    <groups>
    </groups>
    <test name="Test" duration-ms="179" started-at="2022-10-12T14:32:20 IST" finished-at="2022-10-12T14:32:20 IST">
      <class name="org.parellel.Prallelexp2">
        <test-method status="PASS" signature="test3()[pri:0, instance:org.parellel.Prallelexp2@5faeada1]" name="test3" duration-ms="27" started-at="2022-10-12T14:32:20 IST" finished-at="2022-10-12T14:32:20 IST">
          <reporter-output>
          </reporter-output>
        </test-method> <!-- test3 -->
        <test-method status="PASS" signature="test4()[pri:0, instance:org.parellel.Prallelexp2@5faeada1]" name="test4" duration-ms="21" started-at="2022-10-12T14:32:20 IST" finished-at="2022-10-12T14:32:20 IST">
          <reporter-output>
          </reporter-output>
        </test-method> <!-- test4 -->
      </class> <!-- org.parellel.Prallelexp2 -->
      <class name="org.parellel.ParellelExp1">
        <test-method status="PASS" signature="test()[pri:0, instance:org.parellel.ParellelExp1@78e67e0a]" name="test" duration-ms="22" started-at="2022-10-12T14:32:20 IST" finished-at="2022-10-12T14:32:20 IST">
          <reporter-output>
          </reporter-output>
        </test-method> <!-- test -->
        <test-method status="PASS" signature="test1()[pri:0, instance:org.parellel.ParellelExp1@78e67e0a]" name="test1" duration-ms="20" started-at="2022-10-12T14:32:20 IST" finished-at="2022-10-12T14:32:20 IST">
          <reporter-output>
          </reporter-output>
        </test-method> <!-- test1 -->
        <test-method status="PASS" signature="test2()[pri:0, instance:org.parellel.ParellelExp1@78e67e0a]" name="test2" duration-ms="1" started-at="2022-10-12T14:32:20 IST" finished-at="2022-10-12T14:32:20 IST">
          <reporter-output>
          </reporter-output>
        </test-method> <!-- test2 -->
      </class> <!-- org.parellel.ParellelExp1 -->
    </test> <!-- Test -->
  </suite> <!-- Suite -->
</testng-results>
