<?xml version="1.0" encoding="UTF-8"?>
<testng-results ignored="0" total="2" passed="2" failed="0" skipped="0">
  <reporter-output>
  </reporter-output>
  <suite started-at="2022-10-14T16:38:56 IST" name="Default suite" finished-at="2022-10-14T16:38:58 IST" duration-ms="2826">
    <groups>
    </groups>
    <test started-at="2022-10-14T16:38:56 IST" name="Default test" finished-at="2022-10-14T16:38:58 IST" duration-ms="2826">
      <class name="RestAssuredExpamples.getRequest">
        <test-method signature="getRequestLoginTest()[pri:0, instance:RestAssuredExpamples.getRequest@66f57048]" started-at="2022-10-14T16:38:56 IST" name="getRequestLoginTest" finished-at="2022-10-14T16:38:58 IST" duration-ms="2543" status="PASS">
          <reporter-output>
          </reporter-output>
        </test-method> <!-- getRequestLoginTest -->
        <test-method signature="getTest()[pri:0, instance:RestAssuredExpamples.getRequest@66f57048]" started-at="2022-10-14T16:38:58 IST" name="getTest" finished-at="2022-10-14T16:38:58 IST" duration-ms="213" status="PASS">
          <reporter-output>
          </reporter-output>
        </test-method> <!-- getTest -->
      </class> <!-- RestAssuredExpamples.getRequest -->
    </test> <!-- Default test -->
  </suite> <!-- Default suite -->
</testng-results>
